[31merror[39m: 	[31muncaughtException: ‚®Ø Unable to compile TypeScript:[39m
[31m[96mapp/miscelleanous/miscellaneous.route.ts[0m:[93m2[0m:[93m25[0m - [91merror[0m[90m TS2307: [0mCannot find module '../../middleware/auth/require-auth' or its corresponding type declarations.[39m

[31m[7m2[0m import requireAuth from '../../middleware/auth/require-auth';[39m
[31m[7m [0m [91m                        ~~~~~~~~~~~~~~~~~~~~~~~~~~~~~~~~~~~~[0m[39m

[31mTSError: ‚®Ø Unable to compile TypeScript:[39m
[31m[96mapp/miscelleanous/miscellaneous.route.ts[0m:[93m2[0m:[93m25[0m - [91merror[0m[90m TS2307: [0mCannot find module '../../middleware/auth/require-auth' or its corresponding type declarations.[39m

[31m[7m2[0m import requireAuth from '../../middleware/auth/require-auth';[39m
[31m[7m [0m [91m                        ~~~~~~~~~~~~~~~~~~~~~~~~~~~~~~~~~~~~[0m[39m

[31m    at createTSError (/Users/oluwabukolatina/Documents/technical-assignment-back-end-engineer-oluwabukolatina/node_modules/ts-node/src/index.ts:859:12)[39m
[31m    at reportTSError (/Users/oluwabukolatina/Documents/technical-assignment-back-end-engineer-oluwabukolatina/node_modules/ts-node/src/index.ts:863:19)[39m
[31m    at getOutput (/Users/oluwabukolatina/Documents/technical-assignment-back-end-engineer-oluwabukolatina/node_modules/ts-node/src/index.ts:1077:36)[39m
[31m    at Object.compile (/Users/oluwabukolatina/Documents/technical-assignment-back-end-engineer-oluwabukolatina/node_modules/ts-node/src/index.ts:1433:41)[39m
[31m    at Module.m._compile (/Users/oluwabukolatina/Documents/technical-assignment-back-end-engineer-oluwabukolatina/node_modules/ts-node/src/index.ts:1617:30)[39m
[31m    at Module._extensions..js (internal/modules/cjs/loader.js:1101:10)[39m
[31m    at Object.require.extensions.<computed> [as .ts] (/Users/oluwabukolatina/Documents/technical-assignment-back-end-engineer-oluwabukolatina/node_modules/ts-node/src/index.ts:1621:12)[39m
[31m    at Module.load (internal/modules/cjs/loader.js:937:32)[39m
[31m    at Function.Module._load (internal/modules/cjs/loader.js:778:12)[39m
[31m    at Module.require (internal/modules/cjs/loader.js:961:19)[39m -- ‚è∞ [24/08/2022, 15:32:57] Labelüè∑Ô∏è 
[31merror[39m: 	[31muncaughtException: ‚®Ø Unable to compile TypeScript:[39m
[31m[96mnot-found.middleware.ts[0m:[93m3[0m:[93m27[0m - [91merror[0m[90m TS2307: [0mCannot find module '../exception/http-exception' or its corresponding type declarations.[39m

[31m[7m3[0m import HttpException from '../exception/http-exception';[39m
[31m[7m [0m [91m                          ~~~~~~~~~~~~~~~~~~~~~~~~~~~~~[0m[39m

[31mTSError: ‚®Ø Unable to compile TypeScript:[39m
[31m[96mnot-found.middleware.ts[0m:[93m3[0m:[93m27[0m - [91merror[0m[90m TS2307: [0mCannot find module '../exception/http-exception' or its corresponding type declarations.[39m

[31m[7m3[0m import HttpException from '../exception/http-exception';[39m
[31m[7m [0m [91m                          ~~~~~~~~~~~~~~~~~~~~~~~~~~~~~[0m[39m

[31m    at createTSError (/Users/oluwabukolatina/Documents/technical-assignment-back-end-engineer-oluwabukolatina/node_modules/ts-node/src/index.ts:859:12)[39m
[31m    at reportTSError (/Users/oluwabukolatina/Documents/technical-assignment-back-end-engineer-oluwabukolatina/node_modules/ts-node/src/index.ts:863:19)[39m
[31m    at getOutput (/Users/oluwabukolatina/Documents/technical-assignment-back-end-engineer-oluwabukolatina/node_modules/ts-node/src/index.ts:1077:36)[39m
[31m    at Object.compile (/Users/oluwabukolatina/Documents/technical-assignment-back-end-engineer-oluwabukolatina/node_modules/ts-node/src/index.ts:1433:41)[39m
[31m    at Module.m._compile (/Users/oluwabukolatina/Documents/technical-assignment-back-end-engineer-oluwabukolatina/node_modules/ts-node/src/index.ts:1617:30)[39m
[31m    at Module._extensions..js (internal/modules/cjs/loader.js:1101:10)[39m
[31m    at Object.require.extensions.<computed> [as .ts] (/Users/oluwabukolatina/Documents/technical-assignment-back-end-engineer-oluwabukolatina/node_modules/ts-node/src/index.ts:1621:12)[39m
[31m    at Module.load (internal/modules/cjs/loader.js:937:32)[39m
[31m    at Function.Module._load (internal/modules/cjs/loader.js:778:12)[39m
[31m    at Module.require (internal/modules/cjs/loader.js:961:19)[39m -- ‚è∞ [24/08/2022, 15:35:13] Labelüè∑Ô∏è 
[31merror[39m: 	[31muncaughtException: ‚®Ø Unable to compile TypeScript:[39m
[31m[96merror.middleware.ts[0m:[93m3[0m:[93m27[0m - [91merror[0m[90m TS2307: [0mCannot find module '../exception/http-exception' or its corresponding type declarations.[39m

[31m[7m3[0m import HttpException from '../exception/http-exception';[39m
[31m[7m [0m [91m                          ~~~~~~~~~~~~~~~~~~~~~~~~~~~~~[0m[39m
[31m[96merror.middleware.ts[0m:[93m4[0m:[93m20[0m - [91merror[0m[90m TS2307: [0mCannot find module '../lib/logger' or its corresponding type declarations.[39m

[31m[7m4[0m import logger from '../lib/logger';[39m
[31m[7m [0m [91m                   ~~~~~~~~~~~~~~~[0m[39m
[31m[96merror.middleware.ts[0m:[93m5[0m:[93m29[0m - [91merror[0m[90m TS2307: [0mCannot find module '../lib/utils/response-handler' or its corresponding type declarations.[39m

[31m[7m5[0m import ResponseHandler from '../lib/utils/response-handler';[39m
[31m[7m [0m [91m                            ~~~~~~~~~~~~~~~~~~~~~~~~~~~~~~~[0m[39m
[31m[96merror.middleware.ts[0m:[93m6[0m:[93m26[0m - [91merror[0m[90m TS2307: [0mCannot find module '../component/user/module/auth/auth.url' or its corresponding type declarations.[39m

[31m[7m6[0m import * as authUrl from '../component/user/module/auth/auth.url';[39m
[31m[7m [0m [91m                         ~~~~~~~~~~~~~~~~~~~~~~~~~~~~~~~~~~~~~~~~[0m[39m
[31m[96merror.middleware.ts[0m:[93m7[0m:[93m24[0m - [91merror[0m[90m TS2307: [0mCannot find module '../lib/package/amplitude' or its corresponding type declarations.[39m

[31m[7m7[0m import { client } from '../lib/package/amplitude';[39m
[31m[7m [0m [91m                       ~~~~~~~~~~~~~~~~~~~~~~~~~~[0m[39m

[31mTSError: ‚®Ø Unable to compile TypeScript:[39m
[31m[96merror.middleware.ts[0m:[93m3[0m:[93m27[0m - [91merror[0m[90m TS2307: [0mCannot find module '../exception/http-exception' or its corresponding type declarations.[39m

[31m[7m3[0m import HttpException from '../exception/http-exception';[39m
[31m[7m [0m [91m                          ~~~~~~~~~~~~~~~~~~~~~~~~~~~~~[0m[39m
[31m[96merror.middleware.ts[0m:[93m4[0m:[93m20[0m - [91merror[0m[90m TS2307: [0mCannot find module '../lib/logger' or its corresponding type declarations.[39m

[31m[7m4[0m import logger from '../lib/logger';[39m
[31m[7m [0m [91m                   ~~~~~~~~~~~~~~~[0m[39m
[31m[96merror.middleware.ts[0m:[93m5[0m:[93m29[0m - [91merror[0m[90m TS2307: [0mCannot find module '../lib/utils/response-handler' or its corresponding type declarations.[39m

[31m[7m5[0m import ResponseHandler from '../lib/utils/response-handler';[39m
[31m[7m [0m [91m                            ~~~~~~~~~~~~~~~~~~~~~~~~~~~~~~~[0m[39m
[31m[96merror.middleware.ts[0m:[93m6[0m:[93m26[0m - [91merror[0m[90m TS2307: [0mCannot find module '../component/user/module/auth/auth.url' or its corresponding type declarations.[39m

[31m[7m6[0m import * as authUrl from '../component/user/module/auth/auth.url';[39m
[31m[7m [0m [91m                         ~~~~~~~~~~~~~~~~~~~~~~~~~~~~~~~~~~~~~~~~[0m[39m
[31m[96merror.middleware.ts[0m:[93m7[0m:[93m24[0m - [91merror[0m[90m TS2307: [0mCannot find module '../lib/package/amplitude' or its corresponding type declarations.[39m

[31m[7m7[0m import { client } from '../lib/package/amplitude';[39m
[31m[7m [0m [91m                       ~~~~~~~~~~~~~~~~~~~~~~~~~~[0m[39m

[31m    at createTSError (/Users/oluwabukolatina/Documents/technical-assignment-back-end-engineer-oluwabukolatina/node_modules/ts-node/src/index.ts:859:12)[39m
[31m    at reportTSError (/Users/oluwabukolatina/Documents/technical-assignment-back-end-engineer-oluwabukolatina/node_modules/ts-node/src/index.ts:863:19)[39m
[31m    at getOutput (/Users/oluwabukolatina/Documents/technical-assignment-back-end-engineer-oluwabukolatina/node_modules/ts-node/src/index.ts:1077:36)[39m
[31m    at Object.compile (/Users/oluwabukolatina/Documents/technical-assignment-back-end-engineer-oluwabukolatina/node_modules/ts-node/src/index.ts:1433:41)[39m
[31m    at Module.m._compile (/Users/oluwabukolatina/Documents/technical-assignment-back-end-engineer-oluwabukolatina/node_modules/ts-node/src/index.ts:1617:30)[39m
[31m    at Module._extensions..js (internal/modules/cjs/loader.js:1101:10)[39m
[31m    at Object.require.extensions.<computed> [as .ts] (/Users/oluwabukolatina/Documents/technical-assignment-back-end-engineer-oluwabukolatina/node_modules/ts-node/src/index.ts:1621:12)[39m
[31m    at Module.load (internal/modules/cjs/loader.js:937:32)[39m
[31m    at Function.Module._load (internal/modules/cjs/loader.js:778:12)[39m
[31m    at Module.require (internal/modules/cjs/loader.js:961:19)[39m -- ‚è∞ [24/08/2022, 15:36:34] Labelüè∑Ô∏è 
[31merror[39m: 	[31muncaughtException: Cannot destructure property 'myEmail' of 'env' as it is undefined.[39m
[31mTypeError: Cannot destructure property 'myEmail' of 'env' as it is undefined.[39m
[31m    at Object.<anonymous> (/Users/oluwabukolatina/Documents/technical-assignment-back-end-engineer-oluwabukolatina/app/server.ts:7:9)[39m
[31m    at Module._compile (internal/modules/cjs/loader.js:1072:14)[39m
[31m    at Module.m._compile (/Users/oluwabukolatina/Documents/technical-assignment-back-end-engineer-oluwabukolatina/node_modules/ts-node/src/index.ts:1618:23)[39m
[31m    at Module._extensions..js (internal/modules/cjs/loader.js:1101:10)[39m
[31m    at Object.require.extensions.<computed> [as .ts] (/Users/oluwabukolatina/Documents/technical-assignment-back-end-engineer-oluwabukolatina/node_modules/ts-node/src/index.ts:1621:12)[39m
[31m    at Module.load (internal/modules/cjs/loader.js:937:32)[39m
[31m    at Function.Module._load (internal/modules/cjs/loader.js:778:12)[39m
[31m    at Function.executeUserEntryPoint [as runMain] (internal/modules/run_main.js:76:12)[39m
[31m    at phase4 (/Users/oluwabukolatina/Documents/technical-assignment-back-end-engineer-oluwabukolatina/node_modules/ts-node/src/bin.ts:649:14)[39m
[31m    at bootstrap (/Users/oluwabukolatina/Documents/technical-assignment-back-end-engineer-oluwabukolatina/node_modules/ts-node/src/bin.ts:95:10)[39m -- ‚è∞ [24/08/2022, 15:38:09] Labelüè∑Ô∏è 
[31merror[39m: 	[31muncaughtException: listen EADDRINUSE: address already in use :::5000[39m
[31mError: listen EADDRINUSE: address already in use :::5000[39m
[31m    at Server.setupListenHandle [as _listen2] (net.js:1320:16)[39m
[31m    at listenInCluster (net.js:1368:12)[39m
[31m    at Server.listen (net.js:1454:7)[39m
[31m    at Function.listen (/Users/oluwabukolatina/Documents/technical-assignment-back-end-engineer-oluwabukolatina/node_modules/express/lib/application.js:635:24)[39m
[31m    at Object.<anonymous> (/Users/oluwabukolatina/Documents/technical-assignment-back-end-engineer-oluwabukolatina/app/server.ts:10:20)[39m
[31m    at Module._compile (internal/modules/cjs/loader.js:1072:14)[39m
[31m    at Module.m._compile (/Users/oluwabukolatina/Documents/technical-assignment-back-end-engineer-oluwabukolatina/node_modules/ts-node/src/index.ts:1618:23)[39m
[31m    at Module._extensions..js (internal/modules/cjs/loader.js:1101:10)[39m
[31m    at Object.require.extensions.<computed> [as .ts] (/Users/oluwabukolatina/Documents/technical-assignment-back-end-engineer-oluwabukolatina/node_modules/ts-node/src/index.ts:1621:12)[39m
[31m    at Module.load (internal/modules/cjs/loader.js:937:32)[39m -- ‚è∞ [24/08/2022, 15:41:55] Labelüè∑Ô∏è 
[34minfo[39m: 	[34mServer started at 5090 on development[39m -- ‚è∞ [24/08/2022, 15:42:08] Labelüè∑Ô∏è 
[34minfo[39m: 	[34mServer started at 5090 on development[39m -- ‚è∞ [24/08/2022, 15:58:25] Labelüè∑Ô∏è 
[34minfo[39m: 	[34mServer started at 5090 on development[39m -- ‚è∞ [24/08/2022, 16:02:17] Labelüè∑Ô∏è 
[34minfo[39m: 	[34mServer started at 5090 on development[39m -- ‚è∞ [24/08/2022, 16:02:22] Labelüè∑Ô∏è 
[34minfo[39m: 	[34mServer started at 5090 on development[39m -- ‚è∞ [24/08/2022, 16:03:03] Labelüè∑Ô∏è 
[34minfo[39m: 	[34mServer started at 5090 on development[39m -- ‚è∞ [24/08/2022, 16:03:37] Labelüè∑Ô∏è 
[34minfo[39m: 	[34mServer started at 5090 on development[39m -- ‚è∞ [24/08/2022, 16:03:47] Labelüè∑Ô∏è 
[34minfo[39m: 	[34mServer started at 5090 on development[39m -- ‚è∞ [24/08/2022, 16:04:15] Labelüè∑Ô∏è 
[34minfo[39m: 	[34mServer started at 5090 on development[39m -- ‚è∞ [24/08/2022, 16:04:30] Labelüè∑Ô∏è 
[34minfo[39m: 	[34mServer started at 5090 on development[39m -- ‚è∞ [24/08/2022, 16:05:07] Labelüè∑Ô∏è 
[31merror[39m: 	[31muncaughtException: ‚®Ø Unable to compile TypeScript:[39m
[31m[96mapp.validation.ts[0m:[93m3[0m:[93m27[0m - [91merror[0m[90m TS2307: [0mCannot find module '../exception/http-exception' or its corresponding type declarations.[39m

[31m[7m3[0m import HttpException from '../exception/http-exception';[39m
[31m[7m [0m [91m                          ~~~~~~~~~~~~~~~~~~~~~~~~~~~~~[0m[39m
[31m[96mapp.validation.ts[0m:[93m4[0m:[93m26[0m - [91merror[0m[90m TS2307: [0mCannot find module '../lib/shared.helper' or its corresponding type declarations.[39m

[31m[7m4[0m import SharedHelper from '../lib/shared.helper';[39m
[31m[7m [0m [91m                         ~~~~~~~~~~~~~~~~~~~~~~[0m[39m

[31mTSError: ‚®Ø Unable to compile TypeScript:[39m
[31m[96mapp.validation.ts[0m:[93m3[0m:[93m27[0m - [91merror[0m[90m TS2307: [0mCannot find module '../exception/http-exception' or its corresponding type declarations.[39m

[31m[7m3[0m import HttpException from '../exception/http-exception';[39m
[31m[7m [0m [91m                          ~~~~~~~~~~~~~~~~~~~~~~~~~~~~~[0m[39m
[31m[96mapp.validation.ts[0m:[93m4[0m:[93m26[0m - [91merror[0m[90m TS2307: [0mCannot find module '../lib/shared.helper' or its corresponding type declarations.[39m

[31m[7m4[0m import SharedHelper from '../lib/shared.helper';[39m
[31m[7m [0m [91m                         ~~~~~~~~~~~~~~~~~~~~~~[0m[39m

[31m    at createTSError (/Users/oluwabukolatina/Documents/technical-assignment-back-end-engineer-oluwabukolatina/node_modules/ts-node/src/index.ts:859:12)[39m
[31m    at reportTSError (/Users/oluwabukolatina/Documents/technical-assignment-back-end-engineer-oluwabukolatina/node_modules/ts-node/src/index.ts:863:19)[39m
[31m    at getOutput (/Users/oluwabukolatina/Documents/technical-assignment-back-end-engineer-oluwabukolatina/node_modules/ts-node/src/index.ts:1077:36)[39m
[31m    at Object.compile (/Users/oluwabukolatina/Documents/technical-assignment-back-end-engineer-oluwabukolatina/node_modules/ts-node/src/index.ts:1433:41)[39m
[31m    at Module.m._compile (/Users/oluwabukolatina/Documents/technical-assignment-back-end-engineer-oluwabukolatina/node_modules/ts-node/src/index.ts:1617:30)[39m
[31m    at Module._extensions..js (internal/modules/cjs/loader.js:1101:10)[39m
[31m    at Object.require.extensions.<computed> [as .ts] (/Users/oluwabukolatina/Documents/technical-assignment-back-end-engineer-oluwabukolatina/node_modules/ts-node/src/index.ts:1621:12)[39m
[31m    at Module.load (internal/modules/cjs/loader.js:937:32)[39m
[31m    at Function.Module._load (internal/modules/cjs/loader.js:778:12)[39m
[31m    at Module.require (internal/modules/cjs/loader.js:961:19)[39m -- ‚è∞ [24/08/2022, 16:07:24] Labelüè∑Ô∏è 
[31merror[39m: 	[31muncaughtException: ‚®Ø Unable to compile TypeScript:[39m
[31m[96mapp.validation.ts[0m:[93m3[0m:[93m27[0m - [91merror[0m[90m TS2307: [0mCannot find module '../exception/http-exception' or its corresponding type declarations.[39m

[31m[7m3[0m import HttpException from '../exception/http-exception';[39m
[31m[7m [0m [91m                          ~~~~~~~~~~~~~~~~~~~~~~~~~~~~~[0m[39m
[31m[96mapp.validation.ts[0m:[93m4[0m:[93m26[0m - [91merror[0m[90m TS2307: [0mCannot find module '../lib/shared.helper' or its corresponding type declarations.[39m

[31m[7m4[0m import SharedHelper from '../lib/shared.helper';[39m
[31m[7m [0m [91m                         ~~~~~~~~~~~~~~~~~~~~~~[0m[39m

[31mTSError: ‚®Ø Unable to compile TypeScript:[39m
[31m[96mapp.validation.ts[0m:[93m3[0m:[93m27[0m - [91merror[0m[90m TS2307: [0mCannot find module '../exception/http-exception' or its corresponding type declarations.[39m

[31m[7m3[0m import HttpException from '../exception/http-exception';[39m
[31m[7m [0m [91m                          ~~~~~~~~~~~~~~~~~~~~~~~~~~~~~[0m[39m
[31m[96mapp.validation.ts[0m:[93m4[0m:[93m26[0m - [91merror[0m[90m TS2307: [0mCannot find module '../lib/shared.helper' or its corresponding type declarations.[39m

[31m[7m4[0m import SharedHelper from '../lib/shared.helper';[39m
[31m[7m [0m [91m                         ~~~~~~~~~~~~~~~~~~~~~~[0m[39m

[31m    at createTSError (/Users/oluwabukolatina/Documents/technical-assignment-back-end-engineer-oluwabukolatina/node_modules/ts-node/src/index.ts:859:12)[39m
[31m    at reportTSError (/Users/oluwabukolatina/Documents/technical-assignment-back-end-engineer-oluwabukolatina/node_modules/ts-node/src/index.ts:863:19)[39m
[31m    at getOutput (/Users/oluwabukolatina/Documents/technical-assignment-back-end-engineer-oluwabukolatina/node_modules/ts-node/src/index.ts:1077:36)[39m
[31m    at Object.compile (/Users/oluwabukolatina/Documents/technical-assignment-back-end-engineer-oluwabukolatina/node_modules/ts-node/src/index.ts:1433:41)[39m
[31m    at Module.m._compile (/Users/oluwabukolatina/Documents/technical-assignment-back-end-engineer-oluwabukolatina/node_modules/ts-node/src/index.ts:1617:30)[39m
[31m    at Module._extensions..js (internal/modules/cjs/loader.js:1101:10)[39m
[31m    at Object.require.extensions.<computed> [as .ts] (/Users/oluwabukolatina/Documents/technical-assignment-back-end-engineer-oluwabukolatina/node_modules/ts-node/src/index.ts:1621:12)[39m
[31m    at Module.load (internal/modules/cjs/loader.js:937:32)[39m
[31m    at Function.Module._load (internal/modules/cjs/loader.js:778:12)[39m
[31m    at Module.require (internal/modules/cjs/loader.js:961:19)[39m -- ‚è∞ [24/08/2022, 16:10:10] Labelüè∑Ô∏è 
[31merror[39m: 	[31muncaughtException: ‚®Ø Unable to compile TypeScript:[39m
[31m[96mapp.validation.ts[0m:[93m26[0m:[93m11[0m - [91merror[0m[90m TS2304: [0mCannot find name 'SharedHelper'.[39m

[31m[7m26[0m           SharedHelper.replaceValue(error.message, /["]/gi, ''),[39m
[31m[7m  [0m [91m          ~~~~~~~~~~~~[0m[39m
[31m[96mapp.validation.ts[0m:[93m32[0m:[93m9[0m - [91merror[0m[90m TS2304: [0mCannot find name 'SharedHelper'.[39m

[31m[7m32[0m     if (SharedHelper.validObjectId(id)) {[39m
[31m[7m  [0m [91m        ~~~~~~~~~~~~[0m[39m

[31mTSError: ‚®Ø Unable to compile TypeScript:[39m
[31m[96mapp.validation.ts[0m:[93m26[0m:[93m11[0m - [91merror[0m[90m TS2304: [0mCannot find name 'SharedHelper'.[39m

[31m[7m26[0m           SharedHelper.replaceValue(error.message, /["]/gi, ''),[39m
[31m[7m  [0m [91m          ~~~~~~~~~~~~[0m[39m
[31m[96mapp.validation.ts[0m:[93m32[0m:[93m9[0m - [91merror[0m[90m TS2304: [0mCannot find name 'SharedHelper'.[39m

[31m[7m32[0m     if (SharedHelper.validObjectId(id)) {[39m
[31m[7m  [0m [91m        ~~~~~~~~~~~~[0m[39m

[31m    at createTSError (/Users/oluwabukolatina/Documents/technical-assignment-back-end-engineer-oluwabukolatina/node_modules/ts-node/src/index.ts:859:12)[39m
[31m    at reportTSError (/Users/oluwabukolatina/Documents/technical-assignment-back-end-engineer-oluwabukolatina/node_modules/ts-node/src/index.ts:863:19)[39m
[31m    at getOutput (/Users/oluwabukolatina/Documents/technical-assignment-back-end-engineer-oluwabukolatina/node_modules/ts-node/src/index.ts:1077:36)[39m
[31m    at Object.compile (/Users/oluwabukolatina/Documents/technical-assignment-back-end-engineer-oluwabukolatina/node_modules/ts-node/src/index.ts:1433:41)[39m
[31m    at Module.m._compile (/Users/oluwabukolatina/Documents/technical-assignment-back-end-engineer-oluwabukolatina/node_modules/ts-node/src/index.ts:1617:30)[39m
[31m    at Module._extensions..js (internal/modules/cjs/loader.js:1101:10)[39m
[31m    at Object.require.extensions.<computed> [as .ts] (/Users/oluwabukolatina/Documents/technical-assignment-back-end-engineer-oluwabukolatina/node_modules/ts-node/src/index.ts:1621:12)[39m
[31m    at Module.load (internal/modules/cjs/loader.js:937:32)[39m
[31m    at Function.Module._load (internal/modules/cjs/loader.js:778:12)[39m
[31m    at Module.require (internal/modules/cjs/loader.js:961:19)[39m -- ‚è∞ [24/08/2022, 16:35:49] Labelüè∑Ô∏è 
[31merror[39m: 	[31muncaughtException: ‚®Ø Unable to compile TypeScript:[39m
[31m[96mapp.validation.ts[0m:[93m26[0m:[93m11[0m - [91merror[0m[90m TS2304: [0mCannot find name 'SharedHelper'.[39m

[31m[7m26[0m           SharedHelper.replaceValue(error.message, /["]/gi, ''),[39m
[31m[7m  [0m [91m          ~~~~~~~~~~~~[0m[39m
[31m[96mapp.validation.ts[0m:[93m32[0m:[93m9[0m - [91merror[0m[90m TS2304: [0mCannot find name 'SharedHelper'.[39m

[31m[7m32[0m     if (SharedHelper.validObjectId(id)) {[39m
[31m[7m  [0m [91m        ~~~~~~~~~~~~[0m[39m

[31mTSError: ‚®Ø Unable to compile TypeScript:[39m
[31m[96mapp.validation.ts[0m:[93m26[0m:[93m11[0m - [91merror[0m[90m TS2304: [0mCannot find name 'SharedHelper'.[39m

[31m[7m26[0m           SharedHelper.replaceValue(error.message, /["]/gi, ''),[39m
[31m[7m  [0m [91m          ~~~~~~~~~~~~[0m[39m
[31m[96mapp.validation.ts[0m:[93m32[0m:[93m9[0m - [91merror[0m[90m TS2304: [0mCannot find name 'SharedHelper'.[39m

[31m[7m32[0m     if (SharedHelper.validObjectId(id)) {[39m
[31m[7m  [0m [91m        ~~~~~~~~~~~~[0m[39m

[31m    at createTSError (/Users/oluwabukolatina/Documents/technical-assignment-back-end-engineer-oluwabukolatina/node_modules/ts-node/src/index.ts:859:12)[39m
[31m    at reportTSError (/Users/oluwabukolatina/Documents/technical-assignment-back-end-engineer-oluwabukolatina/node_modules/ts-node/src/index.ts:863:19)[39m
[31m    at getOutput (/Users/oluwabukolatina/Documents/technical-assignment-back-end-engineer-oluwabukolatina/node_modules/ts-node/src/index.ts:1077:36)[39m
[31m    at Object.compile (/Users/oluwabukolatina/Documents/technical-assignment-back-end-engineer-oluwabukolatina/node_modules/ts-node/src/index.ts:1433:41)[39m
[31m    at Module.m._compile (/Users/oluwabukolatina/Documents/technical-assignment-back-end-engineer-oluwabukolatina/node_modules/ts-node/src/index.ts:1617:30)[39m
[31m    at Module._extensions..js (internal/modules/cjs/loader.js:1101:10)[39m
[31m    at Object.require.extensions.<computed> [as .ts] (/Users/oluwabukolatina/Documents/technical-assignment-back-end-engineer-oluwabukolatina/node_modules/ts-node/src/index.ts:1621:12)[39m
[31m    at Module.load (internal/modules/cjs/loader.js:937:32)[39m
[31m    at Function.Module._load (internal/modules/cjs/loader.js:778:12)[39m
[31m    at Module.require (internal/modules/cjs/loader.js:961:19)[39m -- ‚è∞ [24/08/2022, 16:36:33] Labelüè∑Ô∏è 
[31merror[39m: 	[31muncaughtException: ‚®Ø Unable to compile TypeScript:[39m
[31m[96mapp.validation.ts[0m:[93m26[0m:[93m11[0m - [91merror[0m[90m TS2304: [0mCannot find name 'SharedHelper'.[39m

[31m[7m26[0m           SharedHelper.replaceValue(error.message, /["]/gi, ''),[39m
[31m[7m  [0m [91m          ~~~~~~~~~~~~[0m[39m
[31m[96mapp.validation.ts[0m:[93m32[0m:[93m9[0m - [91merror[0m[90m TS2304: [0mCannot find name 'SharedHelper'.[39m

[31m[7m32[0m     if (SharedHelper.validObjectId(id)) {[39m
[31m[7m  [0m [91m        ~~~~~~~~~~~~[0m[39m

[31mTSError: ‚®Ø Unable to compile TypeScript:[39m
[31m[96mapp.validation.ts[0m:[93m26[0m:[93m11[0m - [91merror[0m[90m TS2304: [0mCannot find name 'SharedHelper'.[39m

[31m[7m26[0m           SharedHelper.replaceValue(error.message, /["]/gi, ''),[39m
[31m[7m  [0m [91m          ~~~~~~~~~~~~[0m[39m
[31m[96mapp.validation.ts[0m:[93m32[0m:[93m9[0m - [91merror[0m[90m TS2304: [0mCannot find name 'SharedHelper'.[39m

[31m[7m32[0m     if (SharedHelper.validObjectId(id)) {[39m
[31m[7m  [0m [91m        ~~~~~~~~~~~~[0m[39m

[31m    at createTSError (/Users/oluwabukolatina/Documents/technical-assignment-back-end-engineer-oluwabukolatina/node_modules/ts-node/src/index.ts:859:12)[39m
[31m    at reportTSError (/Users/oluwabukolatina/Documents/technical-assignment-back-end-engineer-oluwabukolatina/node_modules/ts-node/src/index.ts:863:19)[39m
[31m    at getOutput (/Users/oluwabukolatina/Documents/technical-assignment-back-end-engineer-oluwabukolatina/node_modules/ts-node/src/index.ts:1077:36)[39m
[31m    at Object.compile (/Users/oluwabukolatina/Documents/technical-assignment-back-end-engineer-oluwabukolatina/node_modules/ts-node/src/index.ts:1433:41)[39m
[31m    at Module.m._compile (/Users/oluwabukolatina/Documents/technical-assignment-back-end-engineer-oluwabukolatina/node_modules/ts-node/src/index.ts:1617:30)[39m
[31m    at Module._extensions..js (internal/modules/cjs/loader.js:1101:10)[39m
[31m    at Object.require.extensions.<computed> [as .ts] (/Users/oluwabukolatina/Documents/technical-assignment-back-end-engineer-oluwabukolatina/node_modules/ts-node/src/index.ts:1621:12)[39m
[31m    at Module.load (internal/modules/cjs/loader.js:937:32)[39m
[31m    at Function.Module._load (internal/modules/cjs/loader.js:778:12)[39m
[31m    at Module.require (internal/modules/cjs/loader.js:961:19)[39m -- ‚è∞ [24/08/2022, 16:36:42] Labelüè∑Ô∏è 
[31merror[39m: 	[31muncaughtException: ‚®Ø Unable to compile TypeScript:[39m
[31m[96mapp.validation.ts[0m:[93m33[0m:[93m22[0m - [91merror[0m[90m TS2339: [0mProperty 'validObjectId' does not exist on type '{ replaceValue(param: string, oldValue: any, newValue: any): string; titleCase(str: string): string; }'.[39m

[31m[7m33[0m     if (SharedHelper.validObjectId(id)) {[39m
[31m[7m  [0m [91m                     ~~~~~~~~~~~~~[0m[39m

[31mTSError: ‚®Ø Unable to compile TypeScript:[39m
[31m[96mapp.validation.ts[0m:[93m33[0m:[93m22[0m - [91merror[0m[90m TS2339: [0mProperty 'validObjectId' does not exist on type '{ replaceValue(param: string, oldValue: any, newValue: any): string; titleCase(str: string): string; }'.[39m

[31m[7m33[0m     if (SharedHelper.validObjectId(id)) {[39m
[31m[7m  [0m [91m                     ~~~~~~~~~~~~~[0m[39m

[31m    at createTSError (/Users/oluwabukolatina/Documents/technical-assignment-back-end-engineer-oluwabukolatina/node_modules/ts-node/src/index.ts:859:12)[39m
[31m    at reportTSError (/Users/oluwabukolatina/Documents/technical-assignment-back-end-engineer-oluwabukolatina/node_modules/ts-node/src/index.ts:863:19)[39m
[31m    at getOutput (/Users/oluwabukolatina/Documents/technical-assignment-back-end-engineer-oluwabukolatina/node_modules/ts-node/src/index.ts:1077:36)[39m
[31m    at Object.compile (/Users/oluwabukolatina/Documents/technical-assignment-back-end-engineer-oluwabukolatina/node_modules/ts-node/src/index.ts:1433:41)[39m
[31m    at Module.m._compile (/Users/oluwabukolatina/Documents/technical-assignment-back-end-engineer-oluwabukolatina/node_modules/ts-node/src/index.ts:1617:30)[39m
[31m    at Module._extensions..js (internal/modules/cjs/loader.js:1101:10)[39m
[31m    at Object.require.extensions.<computed> [as .ts] (/Users/oluwabukolatina/Documents/technical-assignment-back-end-engineer-oluwabukolatina/node_modules/ts-node/src/index.ts:1621:12)[39m
[31m    at Module.load (internal/modules/cjs/loader.js:937:32)[39m
[31m    at Function.Module._load (internal/modules/cjs/loader.js:778:12)[39m
[31m    at Module.require (internal/modules/cjs/loader.js:961:19)[39m -- ‚è∞ [24/08/2022, 16:37:14] Labelüè∑Ô∏è 
[34minfo[39m: 	[34mServer started at 5090 on development[39m -- ‚è∞ [24/08/2022, 16:37:47] Labelüè∑Ô∏è 
[34minfo[39m: 	[34mServer started at 5090 on development[39m -- ‚è∞ [24/08/2022, 16:39:54] Labelüè∑Ô∏è 
[31merror[39m: 	[31mBODY- {}, STATUS - 404, MESSAGE - /api/v1/made-with-love/product does not exist, URL - /api/v1/made-with-love/product, METHOD - POST, IP - ::1[39m -- ‚è∞ [24/08/2022, 16:40:04] Labelüè∑Ô∏è 
[31merror[39m: 	[31mBODY- {}, STATUS - 404, MESSAGE - /api/v1/made-with-love/product does not exist, URL - /api/v1/made-with-love/product, METHOD - POST, IP - ::1[39m -- ‚è∞ [24/08/2022, 16:40:13] Labelüè∑Ô∏è 
[34minfo[39m: 	[34mServer started at 5090 on development[39m -- ‚è∞ [24/08/2022, 16:40:26] Labelüè∑Ô∏è 
[31merror[39m: 	[31mBODY- {}, STATUS - 404, MESSAGE - /api/v1/made-with-love/product does not exist, URL - /api/v1/made-with-love/product, METHOD - POST, IP - ::1[39m -- ‚è∞ [24/08/2022, 16:40:28] Labelüè∑Ô∏è 
[34minfo[39m: 	[34mServer started at 5090 on development[39m -- ‚è∞ [24/08/2022, 16:41:12] Labelüè∑Ô∏è 
[31merror[39m: 	[31mBODY- {}, STATUS - 404, MESSAGE - /api/v1/made-with-love/product does not exist, URL - /api/v1/made-with-love/product, METHOD - POST, IP - ::1[39m -- ‚è∞ [24/08/2022, 16:41:14] Labelüè∑Ô∏è 
[31merror[39m: 	[31muncaughtException: ‚®Ø Unable to compile TypeScript:[39m
[31m[96mapp/component/product/product.route.ts[0m:[93m10[0m:[93m29[0m - [91merror[0m[90m TS1005: [0m';' expected.[39m

[31m[7m10[0m console.log(PRODUCT_URL)    app.route(PRODUCT_URL).get(this.productController.get);[39m
[31m[7m  [0m [91m                            ~~~[0m[39m

[31mTSError: ‚®Ø Unable to compile TypeScript:[39m
[31m[96mapp/component/product/product.route.ts[0m:[93m10[0m:[93m29[0m - [91merror[0m[90m TS1005: [0m';' expected.[39m

[31m[7m10[0m console.log(PRODUCT_URL)    app.route(PRODUCT_URL).get(this.productController.get);[39m
[31m[7m  [0m [91m                            ~~~[0m[39m

[31m    at createTSError (/Users/oluwabukolatina/Documents/technical-assignment-back-end-engineer-oluwabukolatina/node_modules/ts-node/src/index.ts:859:12)[39m
[31m    at reportTSError (/Users/oluwabukolatina/Documents/technical-assignment-back-end-engineer-oluwabukolatina/node_modules/ts-node/src/index.ts:863:19)[39m
[31m    at getOutput (/Users/oluwabukolatina/Documents/technical-assignment-back-end-engineer-oluwabukolatina/node_modules/ts-node/src/index.ts:1077:36)[39m
[31m    at Object.compile (/Users/oluwabukolatina/Documents/technical-assignment-back-end-engineer-oluwabukolatina/node_modules/ts-node/src/index.ts:1433:41)[39m
[31m    at Module.m._compile (/Users/oluwabukolatina/Documents/technical-assignment-back-end-engineer-oluwabukolatina/node_modules/ts-node/src/index.ts:1617:30)[39m
[31m    at Module._extensions..js (internal/modules/cjs/loader.js:1101:10)[39m
[31m    at Object.require.extensions.<computed> [as .ts] (/Users/oluwabukolatina/Documents/technical-assignment-back-end-engineer-oluwabukolatina/node_modules/ts-node/src/index.ts:1621:12)[39m
[31m    at Module.load (internal/modules/cjs/loader.js:937:32)[39m
[31m    at Function.Module._load (internal/modules/cjs/loader.js:778:12)[39m
[31m    at Module.require (internal/modules/cjs/loader.js:961:19)[39m -- ‚è∞ [24/08/2022, 16:41:56] Labelüè∑Ô∏è 
[34minfo[39m: 	[34mServer started at 5090 on development[39m -- ‚è∞ [24/08/2022, 16:42:07] Labelüè∑Ô∏è 
[31merror[39m: 	[31mBODY- {}, STATUS - 404, MESSAGE - /api/v1/made-with-love/product does not exist, URL - /api/v1/made-with-love/product, METHOD - POST, IP - ::1[39m -- ‚è∞ [24/08/2022, 16:42:11] Labelüè∑Ô∏è 
[31merror[39m: 	[31muncaughtException: ‚®Ø Unable to compile TypeScript:[39m
[31m[96mapp/component/product/product.controller.ts[0m:[93m13[0m:[93m90[0m - [91merror[0m[90m TS2304: [0mCannot find name 'products'.[39m

[31m[7m13[0m     return ResponseHandler.SuccessResponse(response, StatusCodes.OK, 'fetched products', products: ProductData)[39m
[31m[7m  [0m [91m                                                                                         ~~~~~~~~[0m[39m
[31m[96mapp/component/product/product.controller.ts[0m:[93m13[0m:[93m100[0m - [91merror[0m[90m TS2554: [0mExpected 2-4 arguments, but got 5.[39m

[31m[7m13[0m     return ResponseHandler.SuccessResponse(response, StatusCodes.OK, 'fetched products', products: ProductData)[39m
[31m[7m  [0m [91m                                                                                                   ~~~~~~~~~~~[0m[39m
[31m[96mapp/component/product/product.controller.ts[0m:[93m13[0m:[93m98[0m - [91merror[0m[90m TS1005: [0m',' expected.[39m

[31m[7m13[0m     return ResponseHandler.SuccessResponse(response, StatusCodes.OK, 'fetched products', products: ProductData)[39m
[31m[7m  [0m [91m                                                                                                 ~[0m[39m

[31mTSError: ‚®Ø Unable to compile TypeScript:[39m
[31m[96mapp/component/product/product.controller.ts[0m:[93m13[0m:[93m90[0m - [91merror[0m[90m TS2304: [0mCannot find name 'products'.[39m

[31m[7m13[0m     return ResponseHandler.SuccessResponse(response, StatusCodes.OK, 'fetched products', products: ProductData)[39m
[31m[7m  [0m [91m                                                                                         ~~~~~~~~[0m[39m
[31m[96mapp/component/product/product.controller.ts[0m:[93m13[0m:[93m100[0m - [91merror[0m[90m TS2554: [0mExpected 2-4 arguments, but got 5.[39m

[31m[7m13[0m     return ResponseHandler.SuccessResponse(response, StatusCodes.OK, 'fetched products', products: ProductData)[39m
[31m[7m  [0m [91m                                                                                                   ~~~~~~~~~~~[0m[39m
[31m[96mapp/component/product/product.controller.ts[0m:[93m13[0m:[93m98[0m - [91merror[0m[90m TS1005: [0m',' expected.[39m

[31m[7m13[0m     return ResponseHandler.SuccessResponse(response, StatusCodes.OK, 'fetched products', products: ProductData)[39m
[31m[7m  [0m [91m                                                                                                 ~[0m[39m

[31m    at createTSError (/Users/oluwabukolatina/Documents/technical-assignment-back-end-engineer-oluwabukolatina/node_modules/ts-node/src/index.ts:859:12)[39m
[31m    at reportTSError (/Users/oluwabukolatina/Documents/technical-assignment-back-end-engineer-oluwabukolatina/node_modules/ts-node/src/index.ts:863:19)[39m
[31m    at getOutput (/Users/oluwabukolatina/Documents/technical-assignment-back-end-engineer-oluwabukolatina/node_modules/ts-node/src/index.ts:1077:36)[39m
[31m    at Object.compile (/Users/oluwabukolatina/Documents/technical-assignment-back-end-engineer-oluwabukolatina/node_modules/ts-node/src/index.ts:1433:41)[39m
[31m    at Module.m._compile (/Users/oluwabukolatina/Documents/technical-assignment-back-end-engineer-oluwabukolatina/node_modules/ts-node/src/index.ts:1617:30)[39m
[31m    at Module._extensions..js (internal/modules/cjs/loader.js:1101:10)[39m
[31m    at Object.require.extensions.<computed> [as .ts] (/Users/oluwabukolatina/Documents/technical-assignment-back-end-engineer-oluwabukolatina/node_modules/ts-node/src/index.ts:1621:12)[39m
[31m    at Module.load (internal/modules/cjs/loader.js:937:32)[39m
[31m    at Function.Module._load (internal/modules/cjs/loader.js:778:12)[39m
[31m    at Module.require (internal/modules/cjs/loader.js:961:19)[39m -- ‚è∞ [24/08/2022, 16:45:32] Labelüè∑Ô∏è 
[34minfo[39m: 	[34mServer started at 5090 on development[39m -- ‚è∞ [24/08/2022, 16:45:37] Labelüè∑Ô∏è 
[34minfo[39m: 	[34mServer started at 5090 on development[39m -- ‚è∞ [24/08/2022, 16:45:48] Labelüè∑Ô∏è 
[34minfo[39m: 	[34mServer started at 5090 on development[39m -- ‚è∞ [24/08/2022, 16:46:46] Labelüè∑Ô∏è 
